mode: set
alta-cookit-be/features/likes/service/like.go:11.55,15.2 1 1
alta-cookit-be/features/likes/service/like.go:17.68,19.16 2 1
alta-cookit-be/features/likes/service/like.go:19.16,21.3 1 1
alta-cookit-be/features/likes/service/like.go:22.2,22.12 1 1
alta-cookit-be/features/likes/service/like.go:25.70,27.16 2 1
alta-cookit-be/features/likes/service/like.go:27.16,29.3 1 1
alta-cookit-be/features/likes/service/like.go:30.2,30.12 1 1
alta-cookit-be/features/steps/service/step.go:19.87,25.2 1 0
alta-cookit-be/features/steps/service/step.go:27.87,29.16 2 0
alta-cookit-be/features/steps/service/step.go:29.16,31.3 1 0
alta-cookit-be/features/steps/service/step.go:33.2,34.17 2 0
alta-cookit-be/features/steps/service/step.go:34.17,36.3 1 0
alta-cookit-be/features/steps/service/step.go:38.2,39.16 2 0
alta-cookit-be/features/steps/service/step.go:39.16,41.3 1 0
alta-cookit-be/features/steps/service/step.go:42.2,42.20 1 0
alta-cookit-be/features/steps/service/step.go:45.70,47.16 2 0
alta-cookit-be/features/steps/service/step.go:47.16,49.3 1 0
alta-cookit-be/features/steps/service/step.go:51.2,52.17 2 0
alta-cookit-be/features/steps/service/step.go:52.17,54.3 1 0
alta-cookit-be/features/steps/service/step.go:56.2,57.16 2 0
alta-cookit-be/features/steps/service/step.go:57.16,59.3 1 0
alta-cookit-be/features/steps/service/step.go:60.2,60.12 1 0
alta-cookit-be/features/steps/service/step.go:63.70,65.17 2 0
alta-cookit-be/features/steps/service/step.go:65.17,67.3 1 0
alta-cookit-be/features/steps/service/step.go:69.2,70.16 2 0
alta-cookit-be/features/steps/service/step.go:70.16,72.3 1 0
alta-cookit-be/features/steps/service/step.go:73.2,73.12 1 0
alta-cookit-be/features/steps/service/step.go:76.76,78.17 2 0
alta-cookit-be/features/steps/service/step.go:78.17,80.3 1 0
alta-cookit-be/features/steps/service/step.go:82.2,83.16 2 0
alta-cookit-be/features/steps/service/step.go:83.16,85.3 1 0
alta-cookit-be/features/steps/service/step.go:86.2,86.12 1 0
