mode: set
alta-cookit-be/features/likes/service/like.go:11.55,15.2 1 1
alta-cookit-be/features/likes/service/like.go:17.68,19.16 2 1
alta-cookit-be/features/likes/service/like.go:19.16,21.3 1 1
alta-cookit-be/features/likes/service/like.go:22.2,22.12 1 1
alta-cookit-be/features/likes/service/like.go:25.70,27.16 2 1
alta-cookit-be/features/likes/service/like.go:27.16,29.3 1 1
alta-cookit-be/features/likes/service/like.go:30.2,30.12 1 1
alta-cookit-be/features/steps/service/step.go:19.87,25.2 1 1
alta-cookit-be/features/steps/service/step.go:27.87,29.16 2 1
alta-cookit-be/features/steps/service/step.go:29.16,31.3 1 1
alta-cookit-be/features/steps/service/step.go:33.2,34.17 2 1
alta-cookit-be/features/steps/service/step.go:34.17,36.3 1 1
alta-cookit-be/features/steps/service/step.go:38.2,39.16 2 1
alta-cookit-be/features/steps/service/step.go:39.16,41.3 1 1
alta-cookit-be/features/steps/service/step.go:42.2,42.20 1 1
alta-cookit-be/features/steps/service/step.go:45.70,47.16 2 1
alta-cookit-be/features/steps/service/step.go:47.16,49.3 1 1
alta-cookit-be/features/steps/service/step.go:51.2,52.17 2 1
alta-cookit-be/features/steps/service/step.go:52.17,54.3 1 1
alta-cookit-be/features/steps/service/step.go:56.2,57.16 2 1
alta-cookit-be/features/steps/service/step.go:57.16,59.3 1 1
alta-cookit-be/features/steps/service/step.go:60.2,60.12 1 1
alta-cookit-be/features/steps/service/step.go:63.70,65.17 2 1
alta-cookit-be/features/steps/service/step.go:65.17,67.3 1 1
alta-cookit-be/features/steps/service/step.go:69.2,70.16 2 1
alta-cookit-be/features/steps/service/step.go:70.16,72.3 1 1
alta-cookit-be/features/steps/service/step.go:73.2,73.12 1 1
alta-cookit-be/features/steps/service/step.go:76.76,78.17 2 1
alta-cookit-be/features/steps/service/step.go:78.17,80.3 1 1
alta-cookit-be/features/steps/service/step.go:82.2,83.16 2 1
alta-cookit-be/features/steps/service/step.go:83.16,85.3 1 1
alta-cookit-be/features/steps/service/step.go:86.2,86.12 1 1
alta-cookit-be/features/users/services/service.go:21.47,26.2 1 1
alta-cookit-be/features/users/services/service.go:29.92,32.16 2 1
alta-cookit-be/features/users/services/service.go:32.16,34.45 2 1
alta-cookit-be/features/users/services/service.go:34.45,36.4 1 0
alta-cookit-be/features/users/services/service.go:36.9,38.4 1 1
alta-cookit-be/features/users/services/service.go:39.3,39.43 1 1
alta-cookit-be/features/users/services/service.go:42.2,42.70 1 1
alta-cookit-be/features/users/services/service.go:42.70,45.3 2 1
alta-cookit-be/features/users/services/service.go:47.2,48.27 2 1
alta-cookit-be/features/users/services/service.go:52.73,55.16 2 1
alta-cookit-be/features/users/services/service.go:55.16,57.3 1 0
alta-cookit-be/features/users/services/service.go:59.2,60.16 2 1
alta-cookit-be/features/users/services/service.go:60.16,63.3 2 0
alta-cookit-be/features/users/services/service.go:65.2,67.16 3 1
alta-cookit-be/features/users/services/service.go:67.16,69.50 2 1
alta-cookit-be/features/users/services/service.go:69.50,71.4 1 1
alta-cookit-be/features/users/services/service.go:71.9,71.52 1 1
alta-cookit-be/features/users/services/service.go:71.52,73.4 1 1
alta-cookit-be/features/users/services/service.go:73.9,75.4 1 1
alta-cookit-be/features/users/services/service.go:76.3,76.39 1 1
alta-cookit-be/features/users/services/service.go:79.2,79.17 1 1
alta-cookit-be/features/users/services/service.go:83.52,85.16 2 0
alta-cookit-be/features/users/services/service.go:85.16,88.3 2 0
alta-cookit-be/features/users/services/service.go:89.2,89.12 1 0
alta-cookit-be/features/users/services/service.go:93.65,95.16 2 1
alta-cookit-be/features/users/services/service.go:95.16,98.3 2 1
alta-cookit-be/features/users/services/service.go:100.2,100.17 1 1
alta-cookit-be/features/users/services/service.go:104.118,106.16 2 1
alta-cookit-be/features/users/services/service.go:106.16,108.3 1 0
alta-cookit-be/features/users/services/service.go:109.2,111.16 3 1
alta-cookit-be/features/users/services/service.go:111.16,113.49 2 1
alta-cookit-be/features/users/services/service.go:113.49,115.4 1 1
alta-cookit-be/features/users/services/service.go:115.9,115.52 1 1
alta-cookit-be/features/users/services/service.go:115.52,117.4 1 1
alta-cookit-be/features/users/services/service.go:117.9,117.60 1 1
alta-cookit-be/features/users/services/service.go:117.60,119.4 1 1
alta-cookit-be/features/users/services/service.go:120.3,120.39 1 1
alta-cookit-be/features/users/services/service.go:122.2,122.17 1 1
alta-cookit-be/features/users/services/service.go:126.85,127.116 1 0
alta-cookit-be/features/users/services/service.go:127.116,129.3 1 0
alta-cookit-be/features/users/services/service.go:130.2,131.22 2 0
alta-cookit-be/features/users/services/service.go:131.22,133.3 1 0
alta-cookit-be/features/users/services/service.go:135.2,135.86 1 0
alta-cookit-be/features/users/services/service.go:135.86,137.3 1 0
alta-cookit-be/features/users/services/service.go:139.2,139.71 1 0
alta-cookit-be/features/users/services/service.go:139.71,141.3 1 0
alta-cookit-be/features/users/services/service.go:143.2,144.20 2 0
alta-cookit-be/features/users/services/service.go:144.20,146.3 1 0
alta-cookit-be/features/users/services/service.go:148.2,151.22 3 0
alta-cookit-be/features/users/services/service.go:151.22,153.3 1 0
alta-cookit-be/features/users/services/service.go:155.2,155.12 1 0
alta-cookit-be/features/users/services/service.go:159.93,161.16 2 0
alta-cookit-be/features/users/services/service.go:161.16,163.49 2 0
alta-cookit-be/features/users/services/service.go:163.49,165.4 1 0
alta-cookit-be/features/users/services/service.go:165.9,165.52 1 0
alta-cookit-be/features/users/services/service.go:165.52,167.4 1 0
alta-cookit-be/features/users/services/service.go:167.9,167.60 1 0
alta-cookit-be/features/users/services/service.go:167.60,169.4 1 0
alta-cookit-be/features/users/services/service.go:170.3,170.39 1 0
alta-cookit-be/features/users/services/service.go:172.2,172.17 1 0
alta-cookit-be/features/users/services/service.go:176.84,179.16 2 0
alta-cookit-be/features/users/services/service.go:179.16,180.44 1 0
alta-cookit-be/features/users/services/service.go:180.44,182.4 1 0
alta-cookit-be/features/users/services/service.go:182.9,184.4 1 0
alta-cookit-be/features/users/services/service.go:186.2,186.17 1 0
alta-cookit-be/features/users/services/service.go:190.75,193.16 2 0
alta-cookit-be/features/users/services/service.go:193.16,194.44 1 0
alta-cookit-be/features/users/services/service.go:194.44,196.4 1 0
alta-cookit-be/features/users/services/service.go:196.9,198.4 1 0
alta-cookit-be/features/users/services/service.go:200.2,200.17 1 0
